Build started 2015-08-08 오후 5:40:05.
     1>Project "C:\Users\Admin\Documents\C-Language-Study\2015.08\2015.08.vcxproj" on node 2 (Build target(s)).
     1>ClCompile:
         C:\Program Files (x86)\Microsoft Visual Studio 12.0\VC\bin\CL.exe /c /ZI /nologo /W3 /WX- /sdl /Od /Oy- /D WIN32 /D _DEBUG /D _CONSOLE /D _LIB /D _UNICODE /D UNICODE /Gm /EHsc /RTC1 /MDd /GS /fp:precise /Zc:wchar_t /Zc:forScope /Fo"Debug\\" /Fd"Debug\vc120.pdb" /Gd /TP /analyze- /errorReport:prompt "20150808_김은채.cpp"
         20150808_김은채.cpp
     1>c:\users\admin\documents\c-language-study\2015.08\20150808_김은채.cpp(24): warning C4101: 'a' : unreferenced local variable
     1>c:\users\admin\documents\c-language-study\2015.08\20150808_김은채.cpp(27): warning C4101: 'c_1' : unreferenced local variable
     1>c:\users\admin\documents\c-language-study\2015.08\20150808_김은채.cpp(35): warning C4101: 'g' : unreferenced local variable
     1>c:\users\admin\documents\c-language-study\2015.08\20150808_김은채.cpp(25): warning C4101: 'b' : unreferenced local variable
     1>c:\users\admin\documents\c-language-study\2015.08\20150808_김은채.cpp(26): warning C4101: 'c' : unreferenced local variable
       Link:
         C:\Program Files (x86)\Microsoft Visual Studio 12.0\VC\bin\link.exe /ERRORREPORT:PROMPT /OUT:"C:\Users\Admin\Documents\C-Language-Study\Debug\2015.08.exe" /INCREMENTAL /NOLOGO kernel32.lib user32.lib gdi32.lib winspool.lib comdlg32.lib advapi32.lib shell32.lib ole32.lib oleaut32.lib uuid.lib odbc32.lib odbccp32.lib /MANIFEST /MANIFESTUAC:"level='asInvoker' uiAccess='false'" /manifest:embed /DEBUG /PDB:"C:\Users\Admin\Documents\C-Language-Study\Debug\2015.08.pdb" /SUBSYSTEM:CONSOLE /TLBID:1 /DYNAMICBASE /NXCOMPAT /IMPLIB:"C:\Users\Admin\Documents\C-Language-Study\Debug\2015.08.lib" /MACHINE:X86 "Debug\20150808_김은채.obj"
         Debug\Source1.obj
         Debug\Source2.obj
         Debug\Source3.obj
         Debug\Source4.obj
         Debug\Source5.obj
         2015.08.vcxproj -> C:\Users\Admin\Documents\C-Language-Study\Debug\2015.08.exe
     1>Done Building Project "C:\Users\Admin\Documents\C-Language-Study\2015.08\2015.08.vcxproj" (Build target(s)).

Build succeeded.

Time Elapsed 00:00:00.47
