Build started 2015-08-02 오후 10:19:33.
     1>Project "C:\Users\Admin\Documents\C-Language-Study\2015.07\2015.07.vcxproj" on node 2 (Build target(s)).
     1>ClCompile:
         C:\Program Files (x86)\Microsoft Visual Studio 12.0\VC\bin\CL.exe /c /ZI /nologo /W3 /WX- /sdl /Od /Oy- /D WIN32 /D _DEBUG /D _CONSOLE /D _LIB /D _UNICODE /D UNICODE /Gm /EHsc /RTC1 /MDd /GS /fp:precise /Zc:wchar_t /Zc:forScope /Fo"Debug\\" /Fd"Debug\vc120.pdb" /Gd /TP /analyze- /errorReport:prompt 20150802_StudyCode.cpp
         20150802_StudyCode.cpp
     1>c:\users\admin\documents\c-language-study\2015.07\20150802_studycode.cpp(176): warning C4715: 'Addindex' : not all control paths return a value
         C:\Program Files (x86)\Microsoft Visual Studio 12.0\VC\bin\CL.exe /c /ZI /nologo /W3 /WX- /sdl /Od /Oy- /D WIN32 /D _DEBUG /D _CONSOLE /D _LIB /D _UNICODE /D UNICODE /Gm /EHsc /RTC1 /MDd /GS /fp:precise /Zc:wchar_t /Zc:forScope /Fo"Debug\\" /Fd"Debug\vc120.pdb" /Gd /TP /analyze- /errorReport:prompt "20150802_김지희.cpp" "20150802_이지아.cpp" "20150802_최수연.cpp"
         20150802_최수연.cpp
         20150802_이지아.cpp
         20150802_김지희.cpp
         Generating Code...
       Link:
         C:\Program Files (x86)\Microsoft Visual Studio 12.0\VC\bin\link.exe /ERRORREPORT:PROMPT /OUT:"C:\Users\Admin\Documents\C-Language-Study\Debug\2015.07.exe" /INCREMENTAL /NOLOGO kernel32.lib user32.lib gdi32.lib winspool.lib comdlg32.lib advapi32.lib shell32.lib ole32.lib oleaut32.lib uuid.lib odbc32.lib odbccp32.lib /MANIFEST /MANIFESTUAC:"level='asInvoker' uiAccess='false'" /manifest:embed /DEBUG /PDB:"C:\Users\Admin\Documents\C-Language-Study\Debug\2015.07.pdb" /SUBSYSTEM:CONSOLE /TLBID:1 /DYNAMICBASE /NXCOMPAT /IMPLIB:"C:\Users\Admin\Documents\C-Language-Study\Debug\2015.07.lib" /MACHINE:X86 Debug\20150802_StudyCode.obj
         "Debug\20150802_김지희.obj"
         "Debug\20150802_이지아.obj"
         "Debug\20150802_최수연.obj"
         2015.07.vcxproj -> C:\Users\Admin\Documents\C-Language-Study\Debug\2015.07.exe
     1>Done Building Project "C:\Users\Admin\Documents\C-Language-Study\2015.07\2015.07.vcxproj" (Build target(s)).

Build succeeded.

Time Elapsed 00:00:01.53
